<?xml version="1.0" encoding="UTF-8"?>
<!-- Generated by org.testng.reporters.JUnitReportReporter -->
<testsuite hostname="DESKTOP-P23JR2D" name="org.mavengithub.MainClass" tests="2" failures="0" timestamp="25 Nov 2022 14:35:44 GMT" time="7.066" errors="0">
  <testcase name="firstPageTC" time="1.236" classname="org.mavengithub.MainClass"/>
  <testcase name="loginpage" time="5.830" classname="org.mavengithub.MainClass"/>
</testsuite> <!-- org.mavengithub.MainClass -->
